2024-Jul-02 22:02:47.643 [restartedMain] [34mINFO [0;39m [36mc.s.B.B.BookMyshowApplication[0;39m - Starting BookMyshowApplication using Java 21.0.1 with PID 13390 (/Users/sushantsuman/Downloads/BookMyshow/target/classes started by sushantsuman in /Users/sushantsuman/Downloads/BookMyshow) 
2024-Jul-02 22:02:47.657 [restartedMain] [34mINFO [0;39m [36mc.s.B.B.BookMyshowApplication[0;39m - No active profile set, falling back to 1 default profile: "default" 
2024-Jul-02 22:02:47.707 [restartedMain] [34mINFO [0;39m [36mo.s.b.d.e.DevToolsPropertyDefaultsPostProcessor[0;39m - Devtools property defaults active! Set 'spring.devtools.add-properties' to 'false' to disable 
2024-Jul-02 22:02:47.707 [restartedMain] [34mINFO [0;39m [36mo.s.b.d.e.DevToolsPropertyDefaultsPostProcessor[0;39m - For additional web related logging consider setting the 'logging.level.web' property to 'DEBUG' 
2024-Jul-02 22:02:48.216 [restartedMain] [34mINFO [0;39m [36mo.s.d.r.c.RepositoryConfigurationDelegate[0;39m - Multiple Spring Data modules found, entering strict repository configuration mode 
2024-Jul-02 22:02:48.218 [restartedMain] [34mINFO [0;39m [36mo.s.d.r.c.RepositoryConfigurationDelegate[0;39m - Bootstrapping Spring Data JDBC repositories in DEFAULT mode. 
2024-Jul-02 22:02:48.235 [restartedMain] [34mINFO [0;39m [36mo.s.d.r.c.RepositoryConfigurationExtensionSupport[0;39m - Spring Data JDBC - Could not safely identify store assignment for repository candidate interface com.sushant.BookMyshow.BookMyshow.Repository.UserRepository; If you want this repository to be a JDBC repository, consider annotating your entities with one of these annotations: org.springframework.data.relational.core.mapping.Table. 
2024-Jul-02 22:02:48.235 [restartedMain] [34mINFO [0;39m [36mo.s.d.r.c.RepositoryConfigurationDelegate[0;39m - Finished Spring Data repository scanning in 15 ms. Found 0 JDBC repository interfaces. 
2024-Jul-02 22:02:48.243 [restartedMain] [34mINFO [0;39m [36mo.s.d.r.c.RepositoryConfigurationDelegate[0;39m - Multiple Spring Data modules found, entering strict repository configuration mode 
2024-Jul-02 22:02:48.244 [restartedMain] [34mINFO [0;39m [36mo.s.d.r.c.RepositoryConfigurationDelegate[0;39m - Bootstrapping Spring Data JPA repositories in DEFAULT mode. 
2024-Jul-02 22:02:48.259 [restartedMain] [34mINFO [0;39m [36mo.s.d.r.c.RepositoryConfigurationDelegate[0;39m - Finished Spring Data repository scanning in 13 ms. Found 1 JPA repository interface. 
2024-Jul-02 22:02:48.584 [restartedMain] [34mINFO [0;39m [36mo.s.b.w.e.t.TomcatWebServer[0;39m - Tomcat initialized with port 8080 (http) 
2024-Jul-02 22:02:48.593 [restartedMain] [34mINFO [0;39m [36mo.a.c.c.StandardService[0;39m - Starting service [Tomcat] 
2024-Jul-02 22:02:48.593 [restartedMain] [34mINFO [0;39m [36mo.a.c.c.StandardEngine[0;39m - Starting Servlet engine: [Apache Tomcat/10.1.25] 
2024-Jul-02 22:02:48.617 [restartedMain] [34mINFO [0;39m [36mo.a.c.c.C.[.[.[/][0;39m - Initializing Spring embedded WebApplicationContext 
2024-Jul-02 22:02:48.617 [restartedMain] [34mINFO [0;39m [36mo.s.b.w.s.c.ServletWebServerApplicationContext[0;39m - Root WebApplicationContext: initialization completed in 910 ms 
2024-Jul-02 22:02:48.692 [restartedMain] [34mINFO [0;39m [36mo.h.j.i.u.LogHelper[0;39m - HHH000204: Processing PersistenceUnitInfo [name: default] 
2024-Jul-02 22:02:48.721 [restartedMain] [34mINFO [0;39m [36mo.h.Version[0;39m - HHH000412: Hibernate ORM core version 6.5.2.Final 
2024-Jul-02 22:02:48.739 [restartedMain] [34mINFO [0;39m [36mo.h.c.i.RegionFactoryInitiator[0;39m - HHH000026: Second-level cache disabled 
2024-Jul-02 22:02:48.904 [restartedMain] [34mINFO [0;39m [36mo.s.o.j.p.SpringPersistenceUnitInfo[0;39m - No LoadTimeWeaver setup: ignoring JPA class transformer 
2024-Jul-02 22:02:48.917 [restartedMain] [34mINFO [0;39m [36mc.z.h.HikariDataSource[0;39m - HikariPool-1 - Starting... 
2024-Jul-02 22:02:49.160 [restartedMain] [34mINFO [0;39m [36mc.z.h.p.HikariPool[0;39m - HikariPool-1 - Added connection com.mysql.cj.jdbc.ConnectionImpl@c9b24d0 
2024-Jul-02 22:02:49.161 [restartedMain] [34mINFO [0;39m [36mc.z.h.HikariDataSource[0;39m - HikariPool-1 - Start completed. 
2024-Jul-02 22:02:49.617 [restartedMain] [34mINFO [0;39m [36mo.h.e.t.j.p.i.JtaPlatformInitiator[0;39m - HHH000489: No JTA platform available (set 'hibernate.transaction.jta.platform' to enable JTA platform integration) 
2024-Jul-02 22:02:49.663 [restartedMain] [34mINFO [0;39m [36mo.s.o.j.LocalContainerEntityManagerFactoryBean[0;39m - Initialized JPA EntityManagerFactory for persistence unit 'default' 
2024-Jul-02 22:02:49.785 [restartedMain] [31mWARN [0;39m [36mo.s.b.a.o.j.JpaBaseConfiguration$JpaWebConfiguration[0;39m - spring.jpa.open-in-view is enabled by default. Therefore, database queries may be performed during view rendering. Explicitly configure spring.jpa.open-in-view to disable this warning 
2024-Jul-02 22:02:49.991 [restartedMain] [34mINFO [0;39m [36mo.s.b.d.a.OptionalLiveReloadServer[0;39m - LiveReload server is running on port 35729 
2024-Jul-02 22:02:50.005 [restartedMain] [34mINFO [0;39m [36mo.s.b.w.e.t.TomcatWebServer[0;39m - Tomcat started on port 8080 (http) with context path '/' 
2024-Jul-02 22:02:50.010 [restartedMain] [34mINFO [0;39m [36mc.s.B.B.BookMyshowApplication[0;39m - Started BookMyshowApplication in 2.819 seconds (process running for 3.202) 
2024-Jul-02 22:03:08.648 [http-nio-8080-exec-2] [34mINFO [0;39m [36mo.a.c.c.C.[.[.[/][0;39m - Initializing Spring DispatcherServlet 'dispatcherServlet' 
2024-Jul-02 22:03:08.649 [http-nio-8080-exec-2] [34mINFO [0;39m [36mo.s.w.s.DispatcherServlet[0;39m - Initializing Servlet 'dispatcherServlet' 
2024-Jul-02 22:03:08.653 [http-nio-8080-exec-2] [34mINFO [0;39m [36mo.s.w.s.DispatcherServlet[0;39m - Completed initialization in 4 ms 
2024-Jul-02 22:09:28.022 [SpringApplicationShutdownHook] [34mINFO [0;39m [36mo.s.o.j.LocalContainerEntityManagerFactoryBean[0;39m - Closing JPA EntityManagerFactory for persistence unit 'default' 
2024-Jul-02 22:09:28.061 [SpringApplicationShutdownHook] [34mINFO [0;39m [36mc.z.h.HikariDataSource[0;39m - HikariPool-1 - Shutdown initiated... 
2024-Jul-02 22:09:28.107 [SpringApplicationShutdownHook] [34mINFO [0;39m [36mc.z.h.HikariDataSource[0;39m - HikariPool-1 - Shutdown completed. 
2024-Jul-02 22:09:30.711 [restartedMain] [34mINFO [0;39m [36mc.s.B.B.BookMyshowApplication[0;39m - Starting BookMyshowApplication using Java 21.0.1 with PID 16117 (/Users/sushantsuman/Downloads/BookMyshow/target/classes started by sushantsuman in /Users/sushantsuman/Downloads/BookMyshow) 
2024-Jul-02 22:09:30.717 [restartedMain] [34mINFO [0;39m [36mc.s.B.B.BookMyshowApplication[0;39m - No active profile set, falling back to 1 default profile: "default" 
2024-Jul-02 22:09:30.737 [restartedMain] [34mINFO [0;39m [36mo.s.b.d.e.DevToolsPropertyDefaultsPostProcessor[0;39m - Devtools property defaults active! Set 'spring.devtools.add-properties' to 'false' to disable 
2024-Jul-02 22:09:30.738 [restartedMain] [34mINFO [0;39m [36mo.s.b.d.e.DevToolsPropertyDefaultsPostProcessor[0;39m - For additional web related logging consider setting the 'logging.level.web' property to 'DEBUG' 
2024-Jul-02 22:09:31.097 [restartedMain] [34mINFO [0;39m [36mo.s.d.r.c.RepositoryConfigurationDelegate[0;39m - Multiple Spring Data modules found, entering strict repository configuration mode 
2024-Jul-02 22:09:31.097 [restartedMain] [34mINFO [0;39m [36mo.s.d.r.c.RepositoryConfigurationDelegate[0;39m - Bootstrapping Spring Data JDBC repositories in DEFAULT mode. 
2024-Jul-02 22:09:31.111 [restartedMain] [34mINFO [0;39m [36mo.s.d.r.c.RepositoryConfigurationExtensionSupport[0;39m - Spring Data JDBC - Could not safely identify store assignment for repository candidate interface com.sushant.BookMyshow.BookMyshow.Repository.UserRepository; If you want this repository to be a JDBC repository, consider annotating your entities with one of these annotations: org.springframework.data.relational.core.mapping.Table. 
2024-Jul-02 22:09:31.112 [restartedMain] [34mINFO [0;39m [36mo.s.d.r.c.RepositoryConfigurationDelegate[0;39m - Finished Spring Data repository scanning in 12 ms. Found 0 JDBC repository interfaces. 
2024-Jul-02 22:09:31.119 [restartedMain] [34mINFO [0;39m [36mo.s.d.r.c.RepositoryConfigurationDelegate[0;39m - Multiple Spring Data modules found, entering strict repository configuration mode 
2024-Jul-02 22:09:31.120 [restartedMain] [34mINFO [0;39m [36mo.s.d.r.c.RepositoryConfigurationDelegate[0;39m - Bootstrapping Spring Data JPA repositories in DEFAULT mode. 
2024-Jul-02 22:09:31.132 [restartedMain] [34mINFO [0;39m [36mo.s.d.r.c.RepositoryConfigurationDelegate[0;39m - Finished Spring Data repository scanning in 10 ms. Found 1 JPA repository interface. 
2024-Jul-02 22:09:31.425 [restartedMain] [34mINFO [0;39m [36mo.s.b.w.e.t.TomcatWebServer[0;39m - Tomcat initialized with port 8080 (http) 
2024-Jul-02 22:09:31.432 [restartedMain] [34mINFO [0;39m [36mo.a.c.c.StandardService[0;39m - Starting service [Tomcat] 
2024-Jul-02 22:09:31.432 [restartedMain] [34mINFO [0;39m [36mo.a.c.c.StandardEngine[0;39m - Starting Servlet engine: [Apache Tomcat/10.1.25] 
2024-Jul-02 22:09:31.452 [restartedMain] [34mINFO [0;39m [36mo.a.c.c.C.[.[.[/][0;39m - Initializing Spring embedded WebApplicationContext 
2024-Jul-02 22:09:31.452 [restartedMain] [34mINFO [0;39m [36mo.s.b.w.s.c.ServletWebServerApplicationContext[0;39m - Root WebApplicationContext: initialization completed in 714 ms 
2024-Jul-02 22:09:31.527 [restartedMain] [34mINFO [0;39m [36mo.h.j.i.u.LogHelper[0;39m - HHH000204: Processing PersistenceUnitInfo [name: default] 
2024-Jul-02 22:09:31.555 [restartedMain] [34mINFO [0;39m [36mo.h.Version[0;39m - HHH000412: Hibernate ORM core version 6.5.2.Final 
2024-Jul-02 22:09:31.571 [restartedMain] [34mINFO [0;39m [36mo.h.c.i.RegionFactoryInitiator[0;39m - HHH000026: Second-level cache disabled 
2024-Jul-02 22:09:31.720 [restartedMain] [34mINFO [0;39m [36mo.s.o.j.p.SpringPersistenceUnitInfo[0;39m - No LoadTimeWeaver setup: ignoring JPA class transformer 
2024-Jul-02 22:09:31.732 [restartedMain] [34mINFO [0;39m [36mc.z.h.HikariDataSource[0;39m - HikariPool-1 - Starting... 
2024-Jul-02 22:09:31.961 [restartedMain] [34mINFO [0;39m [36mc.z.h.p.HikariPool[0;39m - HikariPool-1 - Added connection com.mysql.cj.jdbc.ConnectionImpl@3ebd2132 
2024-Jul-02 22:09:31.962 [restartedMain] [34mINFO [0;39m [36mc.z.h.HikariDataSource[0;39m - HikariPool-1 - Start completed. 
2024-Jul-02 22:09:32.548 [restartedMain] [34mINFO [0;39m [36mo.h.e.t.j.p.i.JtaPlatformInitiator[0;39m - HHH000489: No JTA platform available (set 'hibernate.transaction.jta.platform' to enable JTA platform integration) 
2024-Jul-02 22:09:32.597 [restartedMain] [34mINFO [0;39m [36mo.s.o.j.LocalContainerEntityManagerFactoryBean[0;39m - Initialized JPA EntityManagerFactory for persistence unit 'default' 
2024-Jul-02 22:09:32.774 [restartedMain] [31mWARN [0;39m [36mo.s.b.a.o.j.JpaBaseConfiguration$JpaWebConfiguration[0;39m - spring.jpa.open-in-view is enabled by default. Therefore, database queries may be performed during view rendering. Explicitly configure spring.jpa.open-in-view to disable this warning 
2024-Jul-02 22:09:33.155 [restartedMain] [34mINFO [0;39m [36mo.s.b.d.a.OptionalLiveReloadServer[0;39m - LiveReload server is running on port 35729 
2024-Jul-02 22:09:33.179 [restartedMain] [34mINFO [0;39m [36mo.s.b.w.e.t.TomcatWebServer[0;39m - Tomcat started on port 8080 (http) with context path '/' 
2024-Jul-02 22:09:33.185 [restartedMain] [34mINFO [0;39m [36mc.s.B.B.BookMyshowApplication[0;39m - Started BookMyshowApplication in 2.755 seconds (process running for 3.152) 
2024-Jul-02 22:09:43.300 [http-nio-8080-exec-1] [34mINFO [0;39m [36mo.a.c.c.C.[.[.[/][0;39m - Initializing Spring DispatcherServlet 'dispatcherServlet' 
2024-Jul-02 22:09:43.300 [http-nio-8080-exec-1] [34mINFO [0;39m [36mo.s.w.s.DispatcherServlet[0;39m - Initializing Servlet 'dispatcherServlet' 
2024-Jul-02 22:09:43.303 [http-nio-8080-exec-1] [34mINFO [0;39m [36mo.s.w.s.DispatcherServlet[0;39m - Completed initialization in 3 ms 
2024-Jul-02 22:15:13.043 [SpringApplicationShutdownHook] [34mINFO [0;39m [36mo.s.o.j.LocalContainerEntityManagerFactoryBean[0;39m - Closing JPA EntityManagerFactory for persistence unit 'default' 
2024-Jul-02 22:15:13.076 [SpringApplicationShutdownHook] [34mINFO [0;39m [36mc.z.h.HikariDataSource[0;39m - HikariPool-1 - Shutdown initiated... 
2024-Jul-02 22:15:13.110 [SpringApplicationShutdownHook] [34mINFO [0;39m [36mc.z.h.HikariDataSource[0;39m - HikariPool-1 - Shutdown completed. 
2024-Jul-02 22:15:15.584 [restartedMain] [34mINFO [0;39m [36mc.s.B.B.BookMyshowApplication[0;39m - Starting BookMyshowApplication using Java 21.0.1 with PID 18496 (/Users/sushantsuman/Downloads/BookMyshow/target/classes started by sushantsuman in /Users/sushantsuman/Downloads/BookMyshow) 
2024-Jul-02 22:15:15.593 [restartedMain] [34mINFO [0;39m [36mc.s.B.B.BookMyshowApplication[0;39m - No active profile set, falling back to 1 default profile: "default" 
2024-Jul-02 22:15:15.627 [restartedMain] [34mINFO [0;39m [36mo.s.b.d.e.DevToolsPropertyDefaultsPostProcessor[0;39m - Devtools property defaults active! Set 'spring.devtools.add-properties' to 'false' to disable 
2024-Jul-02 22:15:15.627 [restartedMain] [34mINFO [0;39m [36mo.s.b.d.e.DevToolsPropertyDefaultsPostProcessor[0;39m - For additional web related logging consider setting the 'logging.level.web' property to 'DEBUG' 
2024-Jul-02 22:15:16.366 [restartedMain] [34mINFO [0;39m [36mo.s.d.r.c.RepositoryConfigurationDelegate[0;39m - Multiple Spring Data modules found, entering strict repository configuration mode 
2024-Jul-02 22:15:16.367 [restartedMain] [34mINFO [0;39m [36mo.s.d.r.c.RepositoryConfigurationDelegate[0;39m - Bootstrapping Spring Data JDBC repositories in DEFAULT mode. 
2024-Jul-02 22:15:16.393 [restartedMain] [34mINFO [0;39m [36mo.s.d.r.c.RepositoryConfigurationExtensionSupport[0;39m - Spring Data JDBC - Could not safely identify store assignment for repository candidate interface com.sushant.BookMyshow.BookMyshow.Repository.UserRepository; If you want this repository to be a JDBC repository, consider annotating your entities with one of these annotations: org.springframework.data.relational.core.mapping.Table. 
2024-Jul-02 22:15:16.393 [restartedMain] [34mINFO [0;39m [36mo.s.d.r.c.RepositoryConfigurationDelegate[0;39m - Finished Spring Data repository scanning in 23 ms. Found 0 JDBC repository interfaces. 
2024-Jul-02 22:15:16.404 [restartedMain] [34mINFO [0;39m [36mo.s.d.r.c.RepositoryConfigurationDelegate[0;39m - Multiple Spring Data modules found, entering strict repository configuration mode 
2024-Jul-02 22:15:16.406 [restartedMain] [34mINFO [0;39m [36mo.s.d.r.c.RepositoryConfigurationDelegate[0;39m - Bootstrapping Spring Data JPA repositories in DEFAULT mode. 
2024-Jul-02 22:15:16.425 [restartedMain] [34mINFO [0;39m [36mo.s.d.r.c.RepositoryConfigurationDelegate[0;39m - Finished Spring Data repository scanning in 16 ms. Found 1 JPA repository interface. 
2024-Jul-02 22:15:16.729 [restartedMain] [34mINFO [0;39m [36mo.s.b.w.e.t.TomcatWebServer[0;39m - Tomcat initialized with port 8080 (http) 
2024-Jul-02 22:15:16.737 [restartedMain] [34mINFO [0;39m [36mo.a.c.c.StandardService[0;39m - Starting service [Tomcat] 
2024-Jul-02 22:15:16.737 [restartedMain] [34mINFO [0;39m [36mo.a.c.c.StandardEngine[0;39m - Starting Servlet engine: [Apache Tomcat/10.1.25] 
2024-Jul-02 22:15:16.756 [restartedMain] [34mINFO [0;39m [36mo.a.c.c.C.[.[.[/][0;39m - Initializing Spring embedded WebApplicationContext 
2024-Jul-02 22:15:16.756 [restartedMain] [34mINFO [0;39m [36mo.s.b.w.s.c.ServletWebServerApplicationContext[0;39m - Root WebApplicationContext: initialization completed in 1129 ms 
2024-Jul-02 22:15:16.830 [restartedMain] [34mINFO [0;39m [36mo.h.j.i.u.LogHelper[0;39m - HHH000204: Processing PersistenceUnitInfo [name: default] 
2024-Jul-02 22:15:16.860 [restartedMain] [34mINFO [0;39m [36mo.h.Version[0;39m - HHH000412: Hibernate ORM core version 6.5.2.Final 
2024-Jul-02 22:15:16.878 [restartedMain] [34mINFO [0;39m [36mo.h.c.i.RegionFactoryInitiator[0;39m - HHH000026: Second-level cache disabled 
2024-Jul-02 22:15:17.023 [restartedMain] [34mINFO [0;39m [36mo.s.o.j.p.SpringPersistenceUnitInfo[0;39m - No LoadTimeWeaver setup: ignoring JPA class transformer 
2024-Jul-02 22:15:17.036 [restartedMain] [34mINFO [0;39m [36mc.z.h.HikariDataSource[0;39m - HikariPool-1 - Starting... 
2024-Jul-02 22:15:17.287 [restartedMain] [34mINFO [0;39m [36mc.z.h.p.HikariPool[0;39m - HikariPool-1 - Added connection com.mysql.cj.jdbc.ConnectionImpl@521e86b5 
2024-Jul-02 22:15:17.288 [restartedMain] [34mINFO [0;39m [36mc.z.h.HikariDataSource[0;39m - HikariPool-1 - Start completed. 
2024-Jul-02 22:15:17.915 [restartedMain] [34mINFO [0;39m [36mo.h.e.t.j.p.i.JtaPlatformInitiator[0;39m - HHH000489: No JTA platform available (set 'hibernate.transaction.jta.platform' to enable JTA platform integration) 
2024-Jul-02 22:15:17.965 [restartedMain] [34mINFO [0;39m [36mo.s.o.j.LocalContainerEntityManagerFactoryBean[0;39m - Initialized JPA EntityManagerFactory for persistence unit 'default' 
2024-Jul-02 22:15:18.002 [restartedMain] [31mWARN [0;39m [36mo.s.b.a.o.j.JpaBaseConfiguration$JpaWebConfiguration[0;39m - spring.jpa.open-in-view is enabled by default. Therefore, database queries may be performed during view rendering. Explicitly configure spring.jpa.open-in-view to disable this warning 
2024-Jul-02 22:15:18.317 [restartedMain] [34mINFO [0;39m [36mo.s.b.d.a.OptionalLiveReloadServer[0;39m - LiveReload server is running on port 35729 
2024-Jul-02 22:15:18.333 [restartedMain] [34mINFO [0;39m [36mo.s.b.w.e.t.TomcatWebServer[0;39m - Tomcat started on port 8080 (http) with context path '/' 
2024-Jul-02 22:15:18.339 [restartedMain] [34mINFO [0;39m [36mc.s.B.B.BookMyshowApplication[0;39m - Started BookMyshowApplication in 3.053 seconds (process running for 3.331) 
2024-Jul-02 22:15:36.259 [http-nio-8080-exec-1] [34mINFO [0;39m [36mo.a.c.c.C.[.[.[/][0;39m - Initializing Spring DispatcherServlet 'dispatcherServlet' 
2024-Jul-02 22:15:36.260 [http-nio-8080-exec-1] [34mINFO [0;39m [36mo.s.w.s.DispatcherServlet[0;39m - Initializing Servlet 'dispatcherServlet' 
2024-Jul-02 22:15:36.262 [http-nio-8080-exec-1] [34mINFO [0;39m [36mo.s.w.s.DispatcherServlet[0;39m - Completed initialization in 2 ms 
2024-Jul-02 22:15:36.275 [http-nio-8080-exec-1] [1;31mERROR[0;39m [36mc.s.B.B.E.GlobalExceptionHandler[0;39m - HttpRequestMethodNotSupportedException.classRequest method 'GET' is not supported 
2024-Jul-02 22:15:36.309 [http-nio-8080-exec-1] [31mWARN [0;39m [36mo.s.w.s.m.m.a.ExceptionHandlerExceptionResolver[0;39m - Resolved [org.springframework.web.HttpRequestMethodNotSupportedException: Request method 'GET' is not supported] 
2024-Jul-02 22:25:11.982 [SpringApplicationShutdownHook] [34mINFO [0;39m [36mo.s.o.j.LocalContainerEntityManagerFactoryBean[0;39m - Closing JPA EntityManagerFactory for persistence unit 'default' 
2024-Jul-02 22:25:12.016 [SpringApplicationShutdownHook] [34mINFO [0;39m [36mc.z.h.HikariDataSource[0;39m - HikariPool-1 - Shutdown initiated... 
2024-Jul-02 22:25:12.054 [SpringApplicationShutdownHook] [34mINFO [0;39m [36mc.z.h.HikariDataSource[0;39m - HikariPool-1 - Shutdown completed. 
2024-Jul-02 22:25:14.613 [restartedMain] [34mINFO [0;39m [36mc.s.B.B.BookMyshowApplication[0;39m - Starting BookMyshowApplication using Java 21.0.1 with PID 22545 (/Users/sushantsuman/Downloads/BookMyshow/target/classes started by sushantsuman in /Users/sushantsuman/Downloads/BookMyshow) 
2024-Jul-02 22:25:14.624 [restartedMain] [34mINFO [0;39m [36mc.s.B.B.BookMyshowApplication[0;39m - No active profile set, falling back to 1 default profile: "default" 
2024-Jul-02 22:25:14.655 [restartedMain] [34mINFO [0;39m [36mo.s.b.d.e.DevToolsPropertyDefaultsPostProcessor[0;39m - Devtools property defaults active! Set 'spring.devtools.add-properties' to 'false' to disable 
2024-Jul-02 22:25:14.655 [restartedMain] [34mINFO [0;39m [36mo.s.b.d.e.DevToolsPropertyDefaultsPostProcessor[0;39m - For additional web related logging consider setting the 'logging.level.web' property to 'DEBUG' 
2024-Jul-02 22:25:15.040 [restartedMain] [34mINFO [0;39m [36mo.s.d.r.c.RepositoryConfigurationDelegate[0;39m - Multiple Spring Data modules found, entering strict repository configuration mode 
2024-Jul-02 22:25:15.041 [restartedMain] [34mINFO [0;39m [36mo.s.d.r.c.RepositoryConfigurationDelegate[0;39m - Bootstrapping Spring Data JDBC repositories in DEFAULT mode. 
2024-Jul-02 22:25:15.056 [restartedMain] [34mINFO [0;39m [36mo.s.d.r.c.RepositoryConfigurationExtensionSupport[0;39m - Spring Data JDBC - Could not safely identify store assignment for repository candidate interface com.sushant.BookMyshow.BookMyshow.Repository.UserRepository; If you want this repository to be a JDBC repository, consider annotating your entities with one of these annotations: org.springframework.data.relational.core.mapping.Table. 
2024-Jul-02 22:25:15.056 [restartedMain] [34mINFO [0;39m [36mo.s.d.r.c.RepositoryConfigurationDelegate[0;39m - Finished Spring Data repository scanning in 13 ms. Found 0 JDBC repository interfaces. 
2024-Jul-02 22:25:15.063 [restartedMain] [34mINFO [0;39m [36mo.s.d.r.c.RepositoryConfigurationDelegate[0;39m - Multiple Spring Data modules found, entering strict repository configuration mode 
2024-Jul-02 22:25:15.064 [restartedMain] [34mINFO [0;39m [36mo.s.d.r.c.RepositoryConfigurationDelegate[0;39m - Bootstrapping Spring Data JPA repositories in DEFAULT mode. 
2024-Jul-02 22:25:15.076 [restartedMain] [34mINFO [0;39m [36mo.s.d.r.c.RepositoryConfigurationDelegate[0;39m - Finished Spring Data repository scanning in 10 ms. Found 1 JPA repository interface. 
2024-Jul-02 22:25:15.371 [restartedMain] [34mINFO [0;39m [36mo.s.b.w.e.t.TomcatWebServer[0;39m - Tomcat initialized with port 8080 (http) 
2024-Jul-02 22:25:15.385 [restartedMain] [34mINFO [0;39m [36mo.a.c.c.StandardService[0;39m - Starting service [Tomcat] 
2024-Jul-02 22:25:15.385 [restartedMain] [34mINFO [0;39m [36mo.a.c.c.StandardEngine[0;39m - Starting Servlet engine: [Apache Tomcat/10.1.25] 
2024-Jul-02 22:25:15.408 [restartedMain] [34mINFO [0;39m [36mo.a.c.c.C.[.[.[/][0;39m - Initializing Spring embedded WebApplicationContext 
2024-Jul-02 22:25:15.408 [restartedMain] [34mINFO [0;39m [36mo.s.b.w.s.c.ServletWebServerApplicationContext[0;39m - Root WebApplicationContext: initialization completed in 753 ms 
2024-Jul-02 22:25:15.485 [restartedMain] [34mINFO [0;39m [36mo.h.j.i.u.LogHelper[0;39m - HHH000204: Processing PersistenceUnitInfo [name: default] 
2024-Jul-02 22:25:15.515 [restartedMain] [34mINFO [0;39m [36mo.h.Version[0;39m - HHH000412: Hibernate ORM core version 6.5.2.Final 
2024-Jul-02 22:25:15.532 [restartedMain] [34mINFO [0;39m [36mo.h.c.i.RegionFactoryInitiator[0;39m - HHH000026: Second-level cache disabled 
2024-Jul-02 22:25:15.700 [restartedMain] [34mINFO [0;39m [36mo.s.o.j.p.SpringPersistenceUnitInfo[0;39m - No LoadTimeWeaver setup: ignoring JPA class transformer 
2024-Jul-02 22:25:15.714 [restartedMain] [34mINFO [0;39m [36mc.z.h.HikariDataSource[0;39m - HikariPool-1 - Starting... 
2024-Jul-02 22:25:15.961 [restartedMain] [34mINFO [0;39m [36mc.z.h.p.HikariPool[0;39m - HikariPool-1 - Added connection com.mysql.cj.jdbc.ConnectionImpl@12eab8c7 
2024-Jul-02 22:25:15.962 [restartedMain] [34mINFO [0;39m [36mc.z.h.HikariDataSource[0;39m - HikariPool-1 - Start completed. 
2024-Jul-02 22:25:16.514 [restartedMain] [34mINFO [0;39m [36mo.h.e.t.j.p.i.JtaPlatformInitiator[0;39m - HHH000489: No JTA platform available (set 'hibernate.transaction.jta.platform' to enable JTA platform integration) 
2024-Jul-02 22:25:16.564 [restartedMain] [34mINFO [0;39m [36mo.s.o.j.LocalContainerEntityManagerFactoryBean[0;39m - Initialized JPA EntityManagerFactory for persistence unit 'default' 
2024-Jul-02 22:25:16.598 [restartedMain] [31mWARN [0;39m [36mo.s.b.a.o.j.JpaBaseConfiguration$JpaWebConfiguration[0;39m - spring.jpa.open-in-view is enabled by default. Therefore, database queries may be performed during view rendering. Explicitly configure spring.jpa.open-in-view to disable this warning 
2024-Jul-02 22:25:16.903 [restartedMain] [34mINFO [0;39m [36mo.s.b.d.a.OptionalLiveReloadServer[0;39m - LiveReload server is running on port 35729 
2024-Jul-02 22:25:16.918 [restartedMain] [34mINFO [0;39m [36mo.s.b.w.e.t.TomcatWebServer[0;39m - Tomcat started on port 8080 (http) with context path '/' 
2024-Jul-02 22:25:16.928 [restartedMain] [34mINFO [0;39m [36mc.s.B.B.BookMyshowApplication[0;39m - Started BookMyshowApplication in 2.599 seconds (process running for 2.928) 
2024-Jul-02 22:28:19.081 [SpringApplicationShutdownHook] [34mINFO [0;39m [36mo.s.o.j.LocalContainerEntityManagerFactoryBean[0;39m - Closing JPA EntityManagerFactory for persistence unit 'default' 
2024-Jul-02 22:28:19.087 [SpringApplicationShutdownHook] [34mINFO [0;39m [36mc.z.h.HikariDataSource[0;39m - HikariPool-1 - Shutdown initiated... 
2024-Jul-02 22:28:19.093 [SpringApplicationShutdownHook] [34mINFO [0;39m [36mc.z.h.HikariDataSource[0;39m - HikariPool-1 - Shutdown completed. 
